# JRE version: OpenJDK Runtime Environment (15.0.2+7) (build 15.0.2+7-27)
# Java VM: OpenJDK 64-Bit Server VM (15.0.2+7-27, mixed mode, sharing, tiered, compressed oops, g1 gc, windows-amd64)
GC Precious Log:
 CPUs: 8 total, 8 available
 Memory: 16264M
 Large Page Support: Disabled
 NUMA Support: Disabled
 Compressed Oops: Enabled (Zero based)
 Heap Region Size: 2M
 Heap Min Capacity: 8M
 Heap Initial Capacity: 256M
 Heap Max Capacity: 4068M
 Pre-touch: Disabled
 Parallel Workers: 8
 Concurrent Workers: 2
 Concurrent Refinement Workers: 8
 Periodic GC: Disabled
Heap:
 garbage-first heap   total 55296K, used 17012K [0x0000000701c00000, 0x0000000800000000)
  region size 2048K, 5 young (10240K), 1 survivors (2048K)
 Metaspace       used 22576K, capacity 22861K, committed 23112K, reserved 1071104K
  class space    used 2254K, capacity 2339K, committed 2432K, reserved 1048576K
GC Heap History (8 events):
Event: 0.598 GC heap before
{Heap before GC invocations=0 (full 0):
 garbage-first heap   total 262144K, used 20480K [0x0000000701c00000, 0x0000000800000000)
  region size 2048K, 11 young (22528K), 0 survivors (0K)
 Metaspace       used 7372K, capacity 9308K, committed 9472K, reserved 1058816K
  class space    used 810K, capacity 987K, committed 1024K, reserved 1048576K
}
Event: 0.606 GC heap after
{Heap after GC invocations=1 (full 0):
 garbage-first heap   total 262144K, used 4721K [0x0000000701c00000, 0x0000000800000000)
  region size 2048K, 2 young (4096K), 2 survivors (4096K)
 Metaspace       used 7372K, capacity 9308K, committed 9472K, reserved 1058816K
  class space    used 810K, capacity 987K, committed 1024K, reserved 1048576K
}
Event: 4.026 GC heap before
{Heap before GC invocations=1 (full 0):
 garbage-first heap   total 262144K, used 31345K [0x0000000701c00000, 0x0000000800000000)
  region size 2048K, 15 young (30720K), 2 survivors (4096K)
 Metaspace       used 15524K, capacity 16536K, committed 16768K, reserved 1064960K
  class space    used 2012K, capacity 2137K, committed 2176K, reserved 1048576K
}
Event: 4.031 GC heap after
{Heap after GC invocations=2 (full 0):
 garbage-first heap   total 262144K, used 7770K [0x0000000701c00000, 0x0000000800000000)
  region size 2048K, 2 young (4096K), 2 survivors (4096K)
 Metaspace       used 15524K, capacity 16536K, committed 16768K, reserved 1064960K
  class space    used 2012K, capacity 2137K, committed 2176K, reserved 1048576K
}
Event: 5.624 GC heap before
{Heap before GC invocations=2 (full 0):
 garbage-first heap   total 262144K, used 26202K [0x0000000701c00000, 0x0000000800000000)
  region size 2048K, 8 young (16384K), 2 survivors (4096K)
 Metaspace       used 20545K, capacity 21105K, committed 21248K, reserved 1069056K
  class space    used 2200K, capacity 2272K, committed 2304K, reserved 1048576K
}
Event: 5.627 GC heap after
{Heap after GC invocations=3 (full 0):
 garbage-first heap   total 262144K, used 14588K [0x0000000701c00000, 0x0000000800000000)
  region size 2048K, 2 young (4096K), 2 survivors (4096K)
 Metaspace       used 20545K, capacity 21105K, committed 21248K, reserved 1069056K
  class space    used 2200K, capacity 2272K, committed 2304K, reserved 1048576K
}
Event: 30.553 GC heap before
{Heap before GC invocations=4 (full 0):
 garbage-first heap   total 55296K, used 43260K [0x0000000701c00000, 0x0000000800000000)
  region size 2048K, 16 young (32768K), 2 survivors (4096K)
 Metaspace       used 22364K, capacity 22589K, committed 22856K, reserved 1069056K
  class space    used 2251K, capacity 2339K, committed 2432K, reserved 1048576K
}
Event: 30.555 GC heap after
{Heap after GC invocations=5 (full 0):
 garbage-first heap   total 55296K, used 10868K [0x0000000701c00000, 0x0000000800000000)
  region size 2048K, 1 young (2048K), 1 survivors (2048K)
 Metaspace       used 22364K, capacity 22589K, committed 22856K, reserved 1069056K
  class space    used 2251K, capacity 2339K, committed 2432K, reserved 1048576K
}

