# JRE version: OpenJDK Runtime Environment (15.0.2+7) (build 15.0.2+7-27)
# Java VM: OpenJDK 64-Bit Server VM (15.0.2+7-27, mixed mode, sharing, tiered, compressed oops, g1 gc, windows-amd64)
GC Precious Log:
 CPUs: 8 total, 8 available
 Memory: 16264M
 Large Page Support: Disabled
 NUMA Support: Disabled
 Compressed Oops: Enabled (Zero based)
 Heap Region Size: 2M
 Heap Min Capacity: 8M
 Heap Initial Capacity: 256M
 Heap Max Capacity: 4068M
 Pre-touch: Disabled
 Parallel Workers: 8
 Concurrent Workers: 2
 Concurrent Refinement Workers: 8
 Periodic GC: Disabled
Heap:
 garbage-first heap   total 55296K, used 26088K [0x0000000701c00000, 0x0000000800000000)
  region size 2048K, 9 young (18432K), 1 survivors (2048K)
 Metaspace       used 25932K, capacity 26206K, committed 26368K, reserved 1073152K
  class space    used 2464K, capacity 2531K, committed 2560K, reserved 1048576K
GC Heap History (20 events):
Event: 1.497 GC heap before
{Heap before GC invocations=1 (full 0):
 garbage-first heap   total 262144K, used 27374K [0x0000000701c00000, 0x0000000800000000)
  region size 2048K, 14 young (28672K), 2 survivors (4096K)
 Metaspace       used 14301K, capacity 15699K, committed 15872K, reserved 1062912K
  class space    used 1853K, capacity 1988K, committed 2048K, reserved 1048576K
}
Event: 1.501 GC heap after
{Heap after GC invocations=2 (full 0):
 garbage-first heap   total 262144K, used 7641K [0x0000000701c00000, 0x0000000800000000)
  region size 2048K, 2 young (4096K), 2 survivors (4096K)
 Metaspace       used 14301K, capacity 15699K, committed 15872K, reserved 1062912K
  class space    used 1853K, capacity 1988K, committed 2048K, reserved 1048576K
}
Event: 9.658 GC heap before
{Heap before GC invocations=2 (full 0):
 garbage-first heap   total 262144K, used 40409K [0x0000000701c00000, 0x0000000800000000)
  region size 2048K, 16 young (32768K), 2 survivors (4096K)
 Metaspace       used 20628K, capacity 21080K, committed 21248K, reserved 1069056K
  class space    used 2409K, capacity 2496K, committed 2560K, reserved 1048576K
}
Event: 9.661 GC heap after
{Heap after GC invocations=3 (full 0):
 garbage-first heap   total 262144K, used 15051K [0x0000000701c00000, 0x0000000800000000)
  region size 2048K, 2 young (4096K), 2 survivors (4096K)
 Metaspace       used 20628K, capacity 21080K, committed 21248K, reserved 1069056K
  class space    used 2409K, capacity 2496K, committed 2560K, reserved 1048576K
}
Event: 27.182 GC heap before
{Heap before GC invocations=4 (full 0):
 garbage-first heap   total 55296K, used 43723K [0x0000000701c00000, 0x0000000800000000)
  region size 2048K, 16 young (32768K), 2 survivors (4096K)
 Metaspace       used 24827K, capacity 25110K, committed 25344K, reserved 1073152K
  class space    used 2462K, capacity 2531K, committed 2560K, reserved 1048576K
}
Event: 27.185 GC heap after
{Heap after GC invocations=5 (full 0):
 garbage-first heap   total 55296K, used 11764K [0x0000000701c00000, 0x0000000800000000)
  region size 2048K, 2 young (4096K), 2 survivors (4096K)
 Metaspace       used 24827K, capacity 25110K, committed 25344K, reserved 1073152K
  class space    used 2462K, capacity 2531K, committed 2560K, reserved 1048576K
}
Event: 39.450 GC heap before
{Heap before GC invocations=6 (full 0):
 garbage-first heap   total 55296K, used 34292K [0x0000000701c00000, 0x0000000800000000)
  region size 2048K, 13 young (26624K), 2 survivors (4096K)
 Metaspace       used 25208K, capacity 25430K, committed 25600K, reserved 1073152K
  class space    used 2463K, capacity 2531K, committed 2560K, reserved 1048576K
}
Event: 39.452 GC heap after
{Heap after GC invocations=7 (full 0):
 garbage-first heap   total 55296K, used 12256K [0x0000000701c00000, 0x0000000800000000)
  region size 2048K, 2 young (4096K), 2 survivors (4096K)
 Metaspace       used 25208K, capacity 25430K, committed 25600K, reserved 1073152K
  class space    used 2463K, capacity 2531K, committed 2560K, reserved 1048576K
}
Event: 61.101 GC heap before
{Heap before GC invocations=7 (full 0):
 garbage-first heap   total 55296K, used 36832K [0x0000000701c00000, 0x0000000800000000)
  region size 2048K, 14 young (28672K), 2 survivors (4096K)
 Metaspace       used 25369K, capacity 25627K, committed 25856K, reserved 1073152K
  class space    used 2464K, capacity 2531K, committed 2560K, reserved 1048576K
}
Event: 61.104 GC heap after
{Heap after GC invocations=8 (full 0):
 garbage-first heap   total 55296K, used 11832K [0x0000000701c00000, 0x0000000800000000)
  region size 2048K, 1 young (2048K), 1 survivors (2048K)
 Metaspace       used 25369K, capacity 25627K, committed 25856K, reserved 1073152K
  class space    used 2464K, capacity 2531K, committed 2560K, reserved 1048576K
}
Event: 109.124 GC heap before
{Heap before GC invocations=8 (full 0):
 garbage-first heap   total 55296K, used 40504K [0x0000000701c00000, 0x0000000800000000)
  region size 2048K, 15 young (30720K), 1 survivors (2048K)
 Metaspace       used 25484K, capacity 25755K, committed 25856K, reserved 1073152K
  class space    used 2464K, capacity 2531K, committed 2560K, reserved 1048576K
}
Event: 109.125 GC heap after
{Heap after GC invocations=9 (full 0):
 garbage-first heap   total 55296K, used 11518K [0x0000000701c00000, 0x0000000800000000)
  region size 2048K, 1 young (2048K), 1 survivors (2048K)
 Metaspace       used 25484K, capacity 25755K, committed 25856K, reserved 1073152K
  class space    used 2464K, capacity 2531K, committed 2560K, reserved 1048576K
}
Event: 121.893 GC heap before
{Heap before GC invocations=9 (full 0):
 garbage-first heap   total 55296K, used 40190K [0x0000000701c00000, 0x0000000800000000)
  region size 2048K, 15 young (30720K), 1 survivors (2048K)
 Metaspace       used 25623K, capacity 25885K, committed 26112K, reserved 1073152K
  class space    used 2464K, capacity 2531K, committed 2560K, reserved 1048576K
}
Event: 121.894 GC heap after
{Heap after GC invocations=10 (full 0):
 garbage-first heap   total 55296K, used 11946K [0x0000000701c00000, 0x0000000800000000)
  region size 2048K, 1 young (2048K), 1 survivors (2048K)
 Metaspace       used 25623K, capacity 25885K, committed 26112K, reserved 1073152K
  class space    used 2464K, capacity 2531K, committed 2560K, reserved 1048576K
}
Event: 137.837 GC heap before
{Heap before GC invocations=10 (full 0):
 garbage-first heap   total 55296K, used 40618K [0x0000000701c00000, 0x0000000800000000)
  region size 2048K, 15 young (30720K), 1 survivors (2048K)
 Metaspace       used 25691K, capacity 25949K, committed 26112K, reserved 1073152K
  class space    used 2464K, capacity 2531K, committed 2560K, reserved 1048576K
}
Event: 137.838 GC heap after
{Heap after GC invocations=11 (full 0):
 garbage-first heap   total 55296K, used 11390K [0x0000000701c00000, 0x0000000800000000)
  region size 2048K, 1 young (2048K), 1 survivors (2048K)
 Metaspace       used 25691K, capacity 25949K, committed 26112K, reserved 1073152K
  class space    used 2464K, capacity 2531K, committed 2560K, reserved 1048576K
}
Event: 154.206 GC heap before
{Heap before GC invocations=11 (full 0):
 garbage-first heap   total 55296K, used 42110K [0x0000000701c00000, 0x0000000800000000)
  region size 2048K, 16 young (32768K), 1 survivors (2048K)
 Metaspace       used 25820K, capacity 26077K, committed 26368K, reserved 1073152K
  class space    used 2464K, capacity 2531K, committed 2560K, reserved 1048576K
}
Event: 154.207 GC heap after
{Heap after GC invocations=12 (full 0):
 garbage-first heap   total 55296K, used 11421K [0x0000000701c00000, 0x0000000800000000)
  region size 2048K, 1 young (2048K), 1 survivors (2048K)
 Metaspace       used 25820K, capacity 26077K, committed 26368K, reserved 1073152K
  class space    used 2464K, capacity 2531K, committed 2560K, reserved 1048576K
}
Event: 186.675 GC heap before
{Heap before GC invocations=12 (full 0):
 garbage-first heap   total 55296K, used 42141K [0x0000000701c00000, 0x0000000800000000)
  region size 2048K, 16 young (32768K), 1 survivors (2048K)
 Metaspace       used 25890K, capacity 26141K, committed 26368K, reserved 1073152K
  class space    used 2464K, capacity 2531K, committed 2560K, reserved 1048576K
}
Event: 186.676 GC heap after
{Heap after GC invocations=13 (full 0):
 garbage-first heap   total 55296K, used 11752K [0x0000000701c00000, 0x0000000800000000)
  region size 2048K, 1 young (2048K), 1 survivors (2048K)
 Metaspace       used 25890K, capacity 26141K, committed 26368K, reserved 1073152K
  class space    used 2464K, capacity 2531K, committed 2560K, reserved 1048576K
}

